TN:
SF:components\auth\EditProfileForm.tsx
FN:12,(anonymous_0)
FN:22,(anonymous_1)
FN:24,(anonymous_2)
FN:27,(anonymous_3)
FNF:4
FNH:4
FNDA:17,(anonymous_0)
FNDA:5,(anonymous_1)
FNDA:5,(anonymous_2)
FNDA:3,(anonymous_3)
DA:12,1
DA:13,17
DA:18,17
DA:19,17
DA:20,17
DA:22,17
DA:23,5
DA:24,5
DA:27,17
DA:28,3
DA:29,3
DA:30,3
DA:32,3
DA:33,3
DA:35,2
DA:36,2
DA:40,2
DA:42,1
DA:44,3
DA:48,17
LF:20
LH:20
BRDA:14,0,0,17
BRDA:14,0,1,0
BRDA:15,1,0,17
BRDA:15,1,1,0
BRDA:16,2,0,17
BRDA:16,2,1,0
BRDA:35,3,0,2
BRDA:35,3,1,0
BRDA:42,4,0,1
BRDA:42,4,1,0
BRDA:52,5,0,17
BRDA:52,5,1,1
BRDA:97,6,0,3
BRDA:97,6,1,14
BRF:14
BRH:9
end_of_record
TN:
SF:components\auth\LoginForm.tsx
FN:5,(anonymous_0)
FN:14,(anonymous_1)
FN:49,(anonymous_2)
FN:60,(anonymous_3)
FNF:4
FNH:4
FNDA:39,(anonymous_0)
FNDA:8,(anonymous_1)
FNDA:7,(anonymous_2)
FNDA:7,(anonymous_3)
DA:5,2
DA:6,39
DA:7,39
DA:8,39
DA:9,39
DA:11,39
DA:12,39
DA:14,39
DA:15,8
DA:16,8
DA:17,8
DA:19,8
DA:21,8
DA:22,2
DA:26,6
DA:29,2
DA:31,6
DA:33,8
DA:37,39
DA:49,7
DA:60,7
LF:21
LH:21
BRDA:21,0,0,2
BRDA:21,0,1,6
BRDA:21,1,0,8
BRDA:21,1,1,6
BRDA:31,2,0,6
BRDA:31,2,1,2
BRDA:40,3,0,39
BRDA:40,3,1,6
BRDA:70,4,0,6
BRDA:70,4,1,33
BRF:10
BRH:10
end_of_record
TN:
SF:components\auth\ProtectedRoute.tsx
FN:9,(anonymous_0)
FN:13,(anonymous_1)
FNF:2
FNH:0
FNDA:0,(anonymous_0)
FNDA:0,(anonymous_1)
DA:9,0
DA:10,0
DA:11,0
DA:13,0
DA:15,0
DA:16,0
DA:21,0
DA:22,0
DA:30,0
LF:9
LH:0
BRDA:15,0,0,0
BRDA:15,0,1,0
BRDA:15,1,0,0
BRDA:15,1,1,0
BRDA:21,2,0,0
BRDA:21,2,1,0
BRDA:21,3,0,0
BRDA:21,3,1,0
BRF:8
BRH:0
end_of_record
TN:
SF:components\auth\RegisterForm.tsx
FN:5,(anonymous_0)
FN:16,(anonymous_1)
FN:22,(anonymous_2)
FN:65,(anonymous_3)
FN:76,(anonymous_4)
FN:87,(anonymous_5)
FN:99,(anonymous_6)
FNF:7
FNH:7
FNDA:70,(anonymous_0)
FNDA:7,(anonymous_1)
FNDA:11,(anonymous_2)
FNDA:10,(anonymous_3)
FNDA:10,(anonymous_4)
FNDA:10,(anonymous_5)
FNDA:10,(anonymous_6)
DA:5,2
DA:6,70
DA:7,70
DA:8,70
DA:9,70
DA:10,70
DA:11,70
DA:13,70
DA:14,70
DA:16,70
DA:18,7
DA:19,7
DA:22,70
DA:23,11
DA:24,11
DA:25,11
DA:27,11
DA:29,11
DA:30,2
DA:33,9
DA:34,2
DA:37,7
DA:38,2
DA:42,5
DA:45,2
DA:47,9
DA:49,11
DA:53,70
DA:65,10
DA:76,10
DA:87,10
DA:99,10
LF:32
LH:32
BRDA:29,0,0,2
BRDA:29,0,1,9
BRDA:29,1,0,11
BRDA:29,1,1,9
BRDA:29,1,2,9
BRDA:29,1,3,9
BRDA:33,2,0,2
BRDA:33,2,1,7
BRDA:37,3,0,2
BRDA:37,3,1,5
BRDA:47,4,0,9
BRDA:47,4,1,1
BRDA:56,5,0,70
BRDA:56,5,1,9
BRDA:109,6,0,5
BRDA:109,6,1,65
BRF:16
BRH:16
end_of_record
TN:
SF:components\auth\UserProfile.tsx
FN:8,(anonymous_0)
FN:15,(anonymous_1)
FN:20,(anonymous_2)
FN:24,(anonymous_3)
FN:54,(anonymous_4)
FN:60,(anonymous_5)
FN:66,(anonymous_6)
FN:100,(anonymous_7)
FN:115,(anonymous_8)
FN:116,(anonymous_9)
FN:120,(anonymous_10)
FN:123,(anonymous_11)
FNF:12
FNH:11
FNDA:25,(anonymous_0)
FNDA:9,(anonymous_1)
FNDA:7,(anonymous_2)
FNDA:2,(anonymous_3)
FNDA:1,(anonymous_4)
FNDA:1,(anonymous_5)
FNDA:1,(anonymous_6)
FNDA:3,(anonymous_7)
FNDA:1,(anonymous_8)
FNDA:1,(anonymous_9)
FNDA:1,(anonymous_10)
FNDA:0,(anonymous_11)
DA:8,1
DA:9,25
DA:10,25
DA:11,25
DA:12,25
DA:13,25
DA:15,25
DA:17,9
DA:18,8
DA:19,8
DA:21,7
DA:22,6
DA:25,2
DA:26,2
DA:31,25
DA:32,1
DA:35,24
DA:36,8
DA:39,16
DA:54,1
DA:60,1
DA:66,1
DA:100,3
DA:115,1
DA:117,1
DA:119,1
DA:121,1
DA:124,0
LF:28
LH:27
BRDA:17,0,0,8
BRDA:17,0,1,1
BRDA:21,1,0,7
BRDA:21,1,1,0
BRDA:31,2,0,1
BRDA:31,2,1,24
BRDA:35,3,0,8
BRDA:35,3,1,16
BRDA:53,4,0,14
BRDA:53,4,1,2
BRDA:59,5,0,1
BRDA:59,5,1,15
BRDA:65,6,0,1
BRDA:65,6,1,15
BRDA:73,7,0,16
BRDA:73,7,1,14
BRDA:75,8,0,11
BRDA:75,8,1,3
BRDA:85,9,0,11
BRDA:85,9,1,11
BRDA:91,10,0,11
BRDA:91,10,1,11
BRDA:121,11,0,1
BRDA:121,11,1,0
BRDA:132,12,0,16
BRDA:132,12,1,1
BRDA:134,13,0,1
BRDA:134,13,1,1
BRDA:138,14,0,16
BRDA:138,14,1,1
BRDA:140,15,0,1
BRDA:140,15,1,1
BRF:32
BRH:30
end_of_record
TN:
SF:components\book\BookCard.tsx
FN:25,(anonymous_0)
FN:38,(anonymous_1)
FN:43,(anonymous_2)
FN:53,(anonymous_3)
FN:158,(anonymous_4)
FNF:5
FNH:4
FNDA:13,(anonymous_0)
FNDA:11,(anonymous_1)
FNDA:1,(anonymous_2)
FNDA:0,(anonymous_3)
FNDA:39,(anonymous_4)
DA:10,1
DA:25,1
DA:32,13
DA:33,13
DA:34,13
DA:35,13
DA:38,13
DA:39,11
DA:43,13
DA:44,1
DA:48,13
DA:53,13
DA:54,0
DA:55,0
DA:57,0
DA:59,0
DA:60,0
DA:63,0
DA:64,0
DA:66,0
DA:69,0
DA:70,0
DA:74,0
DA:76,0
DA:77,0
DA:79,0
DA:83,0
DA:86,0
DA:87,0
DA:91,0
DA:93,0
DA:95,0
DA:100,13
DA:102,13
DA:159,39
LF:35
LH:15
BRDA:27,0,0,8
BRDA:29,1,0,12
BRDA:30,2,0,12
BRDA:48,3,0,0
BRDA:48,3,1,13
BRDA:50,4,0,13
BRDA:50,4,1,0
BRDA:57,5,0,0
BRDA:57,5,1,0
BRDA:57,6,0,0
BRDA:57,6,1,0
BRDA:63,7,0,0
BRDA:63,7,1,0
BRDA:69,8,0,0
BRDA:69,8,1,0
BRDA:76,9,0,0
BRDA:76,9,1,0
BRDA:86,10,0,0
BRDA:86,10,1,0
BRDA:100,11,0,11
BRDA:100,11,1,2
BRDA:100,12,0,13
BRDA:100,12,1,12
BRDA:116,13,0,13
BRDA:116,13,1,0
BRDA:118,14,0,0
BRDA:118,14,1,0
BRDA:118,15,0,0
BRDA:118,15,1,0
BRDA:118,16,0,0
BRDA:118,16,1,0
BRDA:121,17,0,0
BRDA:121,17,1,0
BRDA:121,18,0,0
BRDA:121,18,1,0
BRDA:122,19,0,0
BRDA:122,19,1,0
BRDA:122,20,0,0
BRDA:122,20,1,0
BRDA:125,21,0,0
BRDA:125,21,1,0
BRDA:129,22,0,0
BRDA:129,22,1,0
BRDA:129,23,0,0
BRDA:129,23,1,0
BRDA:133,24,0,0
BRDA:133,24,1,0
BRDA:152,25,0,0
BRDA:152,25,1,13
BRDA:158,26,0,13
BRDA:158,26,1,13
BRDA:161,27,0,13
BRDA:161,27,1,13
BRDA:161,27,2,13
BRF:54
BRH:16
end_of_record
TN:
SF:components\book\BookList.tsx
FN:18,(anonymous_0)
FN:29,(anonymous_1)
FN:35,(anonymous_2)
FN:49,(anonymous_3)
FN:54,(anonymous_4)
FN:57,(anonymous_5)
FN:60,(anonymous_6)
FN:60,(anonymous_7)
FN:65,(anonymous_8)
FN:66,(anonymous_9)
FN:102,(anonymous_10)
FNF:11
FNH:11
FNDA:34,(anonymous_0)
FNDA:16,(anonymous_1)
FNDA:5,(anonymous_2)
FNDA:16,(anonymous_3)
FNDA:2,(anonymous_4)
FNDA:1,(anonymous_5)
FNDA:1,(anonymous_6)
FNDA:1,(anonymous_7)
FNDA:2,(anonymous_8)
FNDA:2,(anonymous_9)
FNDA:50,(anonymous_10)
DA:18,2
DA:23,34
DA:24,34
DA:25,34
DA:26,34
DA:29,34
DA:30,16
DA:31,6
DA:32,6
DA:33,6
DA:35,5
DA:36,5
DA:38,1
DA:40,6
DA:43,10
DA:44,10
DA:49,34
DA:50,16
DA:54,34
DA:55,2
DA:57,1
DA:60,1
DA:65,2
DA:66,2
DA:71,34
DA:72,4
DA:81,30
DA:82,4
DA:91,26
DA:92,4
DA:100,22
DA:103,50
LF:32
LH:32
BRDA:20,0,0,30
BRDA:21,1,0,30
BRDA:30,2,0,6
BRDA:30,2,1,10
BRDA:30,3,0,16
BRDA:30,3,1,6
BRDA:55,4,0,1
BRDA:55,4,1,1
BRDA:71,5,0,4
BRDA:71,5,1,30
BRDA:81,6,0,4
BRDA:81,6,1,26
BRDA:91,7,0,4
BRDA:91,7,1,22
BRF:14
BRH:14
end_of_record
TN:
SF:components\book\UserFavorites.tsx
FN:10,(anonymous_0)
FN:15,(anonymous_1)
FN:27,(anonymous_2)
FN:31,(anonymous_3)
FN:35,(anonymous_4)
FN:59,(anonymous_5)
FN:64,(anonymous_6)
FNF:7
FNH:7
FNDA:18,(anonymous_0)
FNDA:8,(anonymous_1)
FNDA:8,(anonymous_2)
FNDA:2,(anonymous_3)
FNDA:2,(anonymous_4)
FNDA:12,(anonymous_5)
FNDA:2,(anonymous_6)
DA:10,1
DA:11,18
DA:12,18
DA:13,18
DA:15,18
DA:16,8
DA:17,8
DA:18,8
DA:19,7
DA:20,6
DA:22,2
DA:23,2
DA:27,18
DA:28,8
DA:31,18
DA:32,2
DA:33,2
DA:35,2
DA:37,1
DA:41,18
DA:43,10
DA:45,8
DA:46,1
DA:54,7
DA:60,12
DA:66,2
DA:67,2
LF:27
LH:27
BRDA:22,0,0,2
BRDA:22,0,1,0
BRDA:37,1,0,1
BRDA:37,1,1,0
BRDA:41,2,0,8
BRDA:41,2,1,10
BRDA:43,3,0,2
BRDA:43,3,1,8
BRDA:45,4,0,1
BRDA:45,4,1,7
BRDA:66,5,0,2
BRDA:66,5,1,0
BRF:12
BRH:9
end_of_record
TN:
SF:components\layout\Footer.tsx
FN:8,(anonymous_0)
FNF:1
FNH:1
FNDA:4,(anonymous_0)
DA:8,1
DA:9,4
DA:11,4
LF:3
LH:3
BRF:0
BRH:0
end_of_record
TN:
SF:components\layout\Layout.tsx
FN:16,(anonymous_0)
FNF:1
FNH:1
FNDA:4,(anonymous_0)
DA:16,1
DA:21,4
LF:2
LH:2
BRDA:18,0,0,3
BRDA:19,1,0,3
BRF:2
BRH:2
end_of_record
TN:
SF:components\layout\Navbar.tsx
FN:10,(anonymous_0)
FN:15,(anonymous_1)
FNF:2
FNH:2
FNDA:6,(anonymous_0)
FNDA:18,(anonymous_1)
DA:10,1
DA:11,6
DA:12,6
DA:15,6
DA:16,18
DA:17,6
DA:19,12
DA:22,6
LF:8
LH:8
BRDA:16,0,0,6
BRDA:16,0,1,12
BRDA:37,1,0,5
BRDA:37,1,1,1
BRDA:42,2,0,1
BRDA:42,2,1,5
BRDA:50,3,0,2
BRDA:50,3,1,4
BRDA:53,4,0,0
BRDA:53,4,1,2
BRDA:62,5,0,0
BRDA:62,5,1,4
BRF:12
BRH:10
end_of_record
TN:
SF:components\recommendation\RecommendationCard.tsx
FN:27,(anonymous_0)
FNF:1
FNH:1
FNDA:3,(anonymous_0)
DA:27,1
DA:32,3
DA:35,3
DA:48,3
LF:4
LH:4
BRDA:29,0,0,2
BRDA:39,1,0,3
BRDA:39,1,1,1
BRDA:40,2,0,3
BRDA:40,2,1,1
BRDA:41,3,0,3
BRDA:41,3,1,3
BRDA:43,4,0,3
BRDA:43,4,1,3
BRDA:44,5,0,3
BRDA:44,5,1,3
BRDA:45,6,0,3
BRDA:45,6,1,3
BRF:13
BRH:13
end_of_record
TN:
SF:components\recommendation\RecommendationList.tsx
FN:24,(anonymous_0)
FN:37,(anonymous_1)
FN:38,(anonymous_2)
FN:44,(anonymous_3)
FN:45,(anonymous_4)
FN:50,(anonymous_5)
FN:55,(anonymous_6)
FN:92,(anonymous_7)
FN:148,(anonymous_8)
FNF:9
FNH:9
FNDA:16,(anonymous_0)
FNDA:39,(anonymous_1)
FNDA:78,(anonymous_2)
FNDA:15,(anonymous_3)
FNDA:26,(anonymous_4)
FNDA:5,(anonymous_5)
FNDA:2,(anonymous_6)
FNDA:60,(anonymous_7)
FNDA:30,(anonymous_8)
DA:24,1
DA:31,16
DA:34,16
DA:37,39
DA:38,78
DA:43,16
DA:45,26
DA:50,16
DA:51,5
DA:55,16
DA:56,2
DA:59,16
DA:93,60
DA:149,30
LF:14
LH:14
BRDA:29,0,0,4
BRDA:37,1,0,39
BRDA:37,1,1,0
BRDA:43,2,0,5
BRDA:43,2,1,11
BRDA:62,3,0,16
BRDA:62,3,1,1
BRDA:69,4,0,16
BRDA:69,4,1,1
BRDA:72,5,0,1
BRDA:72,5,1,1
BRDA:81,6,0,16
BRDA:81,6,1,12
BRDA:81,6,2,12
BRDA:81,6,3,12
BRDA:81,6,4,12
BRDA:97,7,0,12
BRDA:97,7,1,5
BRDA:107,8,0,12
BRDA:107,8,1,1
BRDA:116,9,0,16
BRDA:116,9,1,15
BRDA:116,9,2,14
BRDA:116,9,3,1
BRDA:118,10,0,0
BRDA:118,10,1,1
BRDA:119,11,0,1
BRDA:119,11,1,0
BRDA:127,12,0,1
BRDA:127,12,1,1
BRDA:139,13,0,16
BRDA:139,13,1,15
BRDA:139,13,2,14
BRDA:139,13,3,13
BRDA:141,14,0,13
BRDA:141,14,1,5
BRF:36
BRH:33
end_of_record
TN:
SF:components\review\DeleteReviewModal.tsx
FN:13,(anonymous_0)
FNF:1
FNH:0
FNDA:0,(anonymous_0)
DA:13,0
DA:19,0
DA:21,0
LF:3
LH:0
BRDA:19,0,0,0
BRDA:19,0,1,0
BRDA:39,1,0,0
BRDA:39,1,1,0
BRF:4
BRH:0
end_of_record
TN:
SF:components\review\ReviewCard.tsx
FN:15,(anonymous_0)
FN:22,(anonymous_1)
FN:51,(anonymous_2)
FN:57,(anonymous_3)
FNF:4
FNH:0
FNDA:0,(anonymous_0)
FNDA:0,(anonymous_1)
FNDA:0,(anonymous_2)
FNDA:0,(anonymous_3)
DA:15,0
DA:22,0
DA:23,0
DA:28,0
DA:31,0
DA:51,0
DA:57,0
LF:7
LH:0
BRDA:35,0,0,0
BRDA:35,0,1,0
BRDA:47,1,0,0
BRDA:47,1,1,0
BRDA:51,2,0,0
BRDA:51,2,1,0
BRDA:57,3,0,0
BRDA:57,3,1,0
BRF:8
BRH:0
end_of_record
TN:
SF:components\review\ReviewForm.tsx
FN:16,(anonymous_0)
FN:29,(anonymous_1)
FN:36,(anonymous_2)
FN:46,(anonymous_3)
FN:85,(anonymous_4)
FNF:5
FNH:5
FNDA:20,(anonymous_0)
FNDA:8,(anonymous_1)
FNDA:4,(anonymous_2)
FNDA:4,(anonymous_3)
FNDA:2,(anonymous_4)
DA:16,1
DA:23,20
DA:24,20
DA:25,20
DA:26,20
DA:29,20
DA:30,8
DA:31,2
DA:32,2
DA:36,20
DA:37,4
DA:42,4
DA:43,4
DA:46,20
DA:47,4
DA:49,4
DA:50,3
DA:57,3
DA:58,2
DA:59,2
DA:64,20
DA:85,2
LF:22
LH:22
BRDA:30,0,0,2
BRDA:30,0,1,6
BRDA:38,1,0,3
BRDA:38,1,1,1
BRDA:39,2,0,3
BRDA:39,2,1,1
BRDA:43,3,0,4
BRDA:43,3,1,3
BRDA:49,4,0,3
BRDA:49,4,1,1
BRDA:57,5,0,2
BRDA:57,5,1,1
BRDA:66,6,0,5
BRDA:66,6,1,15
BRDA:76,7,0,20
BRDA:76,7,1,1
BRDA:90,8,0,20
BRDA:90,8,1,1
BRDA:94,9,0,20
BRDA:94,9,1,6
BRDA:109,10,0,1
BRDA:109,10,1,19
BRDA:109,11,0,5
BRDA:109,11,1,14
BRF:24
BRH:24
end_of_record
TN:
SF:components\review\ReviewList.tsx
FN:22,(anonymous_0)
FN:38,(anonymous_1)
FN:98,(anonymous_2)
FN:113,(anonymous_3)
FN:120,(anonymous_4)
FN:123,(anonymous_5)
FN:131,(anonymous_6)
FNF:7
FNH:7
FNDA:13,(anonymous_0)
FNDA:4,(anonymous_1)
FNDA:33,(anonymous_2)
FNDA:1,(anonymous_3)
FNDA:3,(anonymous_4)
FNDA:2,(anonymous_5)
FNDA:1,(anonymous_6)
DA:22,1
DA:35,13
DA:36,13
DA:38,13
DA:39,4
DA:40,4
DA:41,4
DA:43,4
DA:45,1
DA:46,1
DA:47,1
DA:49,1
DA:50,1
DA:51,1
DA:53,1
DA:54,1
DA:55,1
DA:57,1
DA:58,1
DA:59,1
DA:62,4
DA:63,4
DA:64,4
DA:68,13
DA:69,13
DA:70,13
DA:73,13
DA:99,33
DA:113,1
DA:121,3
DA:123,2
DA:131,1
LF:32
LH:32
BRDA:43,0,0,1
BRDA:43,0,1,1
BRDA:43,0,2,1
BRDA:43,0,3,1
BRDA:82,1,0,11
BRDA:82,1,1,2
BRDA:82,2,0,10
BRDA:82,2,1,1
BRDA:82,3,0,1
BRDA:82,3,1,1
BRDA:92,4,0,1
BRDA:92,4,1,12
BRDA:94,5,0,1
BRDA:94,5,1,11
BRDA:110,6,0,13
BRDA:110,6,1,1
BRDA:124,7,0,1
BRDA:124,7,1,2
BRF:18
BRH:18
end_of_record
TN:
SF:components\review\UserReviews.tsx
FN:11,(anonymous_0)
FN:18,(anonymous_1)
FN:31,(anonymous_2)
FN:35,(anonymous_3)
FN:60,(anonymous_4)
FN:99,(anonymous_5)
FN:112,(anonymous_6)
FN:120,(anonymous_7)
FNF:8
FNH:8
FNDA:28,(anonymous_0)
FNDA:13,(anonymous_1)
FNDA:12,(anonymous_2)
FNDA:3,(anonymous_3)
FNDA:22,(anonymous_4)
FNDA:3,(anonymous_5)
FNDA:1,(anonymous_6)
FNDA:1,(anonymous_7)
DA:11,1
DA:12,28
DA:13,28
DA:14,28
DA:15,28
DA:16,28
DA:18,28
DA:19,13
DA:20,13
DA:21,13
DA:22,12
DA:23,11
DA:24,11
DA:26,2
DA:27,2
DA:31,28
DA:32,12
DA:35,28
DA:36,3
DA:37,2
DA:38,2
DA:40,1
DA:42,1
DA:47,28
DA:49,16
DA:51,14
DA:52,1
DA:55,13
DA:61,22
DA:99,3
DA:112,1
DA:120,1
LF:32
LH:32
BRDA:26,0,0,2
BRDA:26,0,1,0
BRDA:36,1,0,2
BRDA:36,1,1,1
BRDA:42,2,0,1
BRDA:42,2,1,0
BRDA:47,3,0,12
BRDA:47,3,1,16
BRDA:49,4,0,2
BRDA:49,4,1,14
BRDA:51,5,0,1
BRDA:51,5,1,13
BRDA:62,6,0,22
BRDA:62,6,1,22
BRDA:66,7,0,22
BRDA:66,7,1,22
BRDA:108,8,0,13
BRDA:108,8,1,5
BRF:18
BRH:16
end_of_record
TN:
SF:components\ui\Pagination.tsx
FN:13,(anonymous_0)
FN:24,(anonymous_1)
FN:67,(anonymous_2)
FN:75,(anonymous_3)
FN:84,(anonymous_4)
FN:98,(anonymous_5)
FNF:6
FNH:6
FNDA:13,(anonymous_0)
FNDA:12,(anonymous_1)
FNDA:1,(anonymous_2)
FNDA:62,(anonymous_3)
FNDA:1,(anonymous_4)
FNDA:1,(anonymous_5)
DA:13,1
DA:19,13
DA:20,1
DA:24,12
DA:25,12
DA:28,12
DA:30,9
DA:31,45
DA:35,3
DA:37,3
DA:38,2
DA:42,3
DA:43,3
DA:45,3
DA:46,7
DA:49,3
DA:50,2
DA:53,3
DA:56,12
DA:59,12
DA:61,12
DA:67,1
DA:76,62
DA:77,4
DA:80,58
DA:84,1
DA:98,1
LF:27
LH:27
BRDA:19,0,0,1
BRDA:19,0,1,12
BRDA:28,1,0,9
BRDA:28,1,1,3
BRDA:37,2,0,2
BRDA:37,2,1,1
BRDA:49,3,0,2
BRDA:49,3,1,1
BRDA:76,4,0,4
BRDA:76,4,1,58
BRDA:76,5,0,62
BRDA:76,5,1,60
BRDA:83,6,0,12
BRDA:83,6,1,46
BRDA:86,7,0,12
BRDA:86,7,1,46
BRF:16
BRH:16
end_of_record
TN:
SF:components\ui\RatingFilter.tsx
FN:12,(anonymous_0)
FN:25,(anonymous_1)
FNF:2
FNH:2
FNDA:7,(anonymous_0)
FNDA:1,(anonymous_1)
DA:12,1
DA:13,7
DA:25,1
LF:3
LH:3
BRF:0
BRH:0
end_of_record
TN:
SF:components\ui\RatingSummary.tsx
FN:24,(anonymous_0)
FN:66,(anonymous_1)
FNF:2
FNH:2
FNDA:10,(anonymous_0)
FNDA:15,(anonymous_1)
DA:24,1
DA:33,10
DA:37,10
DA:67,15
LF:4
LH:4
BRDA:27,0,0,9
BRDA:28,1,0,9
BRDA:29,2,0,9
BRDA:33,3,0,4
BRDA:33,3,1,6
BRDA:50,4,0,10
BRDA:50,4,1,9
BRDA:56,5,0,10
BRDA:56,5,1,9
BRDA:58,6,0,1
BRDA:58,6,1,8
BRDA:64,7,0,10
BRDA:64,7,1,4
BRDA:64,7,2,3
BRF:14
BRH:14
end_of_record
TN:
SF:components\ui\SearchBar.tsx
FN:16,(anonymous_0)
FN:28,(anonymous_1)
FN:35,(anonymous_2)
FN:41,(anonymous_3)
FN:48,(anonymous_4)
FN:53,(anonymous_5)
FN:55,(anonymous_6)
FN:62,(anonymous_7)
FN:67,(anonymous_8)
FN:121,(anonymous_9)
FN:203,(anonymous_10)
FNF:11
FNH:11
FNDA:30,(anonymous_0)
FNDA:5,(anonymous_1)
FNDA:4,(anonymous_2)
FNDA:1,(anonymous_3)
FNDA:1,(anonymous_4)
FNDA:4,(anonymous_5)
FNDA:4,(anonymous_6)
FNDA:1,(anonymous_7)
FNDA:1,(anonymous_8)
FNDA:7,(anonymous_9)
FNDA:1,(anonymous_10)
DA:16,1
DA:23,30
DA:24,30
DA:25,30
DA:28,30
DA:31,5
DA:35,30
DA:36,4
DA:37,4
DA:41,30
DA:42,1
DA:43,1
DA:48,30
DA:49,1
DA:53,30
DA:54,4
DA:55,4
DA:62,30
DA:63,1
DA:67,30
DA:68,1
DA:69,1
DA:71,1
DA:74,30
DA:121,7
DA:203,1
LF:26
LH:26
BRDA:18,0,0,21
BRDA:19,1,0,25
BRDA:20,2,0,28
BRDA:42,3,0,1
BRDA:42,3,1,0
BRDA:88,4,0,30
BRDA:88,4,1,8
BRDA:120,5,0,11
BRDA:120,5,1,19
BRDA:127,6,0,11
BRDA:127,6,1,19
BRDA:132,7,0,30
BRDA:132,7,1,11
BRDA:139,8,0,11
BRDA:139,8,1,7
BRDA:163,9,0,11
BRDA:163,9,1,8
BRDA:177,10,0,11
BRDA:177,10,1,9
BRDA:188,11,0,11
BRDA:188,11,1,8
BRF:21
BRH:20
end_of_record
TN:
SF:components\ui\StarRating.tsx
FN:17,(anonymous_0)
FN:29,(anonymous_1)
FN:38,(anonymous_2)
FN:45,(anonymous_3)
FN:76,(anonymous_4)
FN:83,(anonymous_5)
FN:84,(anonymous_6)
FN:85,(anonymous_7)
FNF:8
FNH:6
FNDA:47,(anonymous_0)
FNDA:240,(anonymous_1)
FNDA:3,(anonymous_2)
FNDA:240,(anonymous_3)
FNDA:240,(anonymous_4)
FNDA:3,(anonymous_5)
FNDA:0,(anonymous_6)
FNDA:0,(anonymous_7)
DA:17,4
DA:26,47
DA:29,240
DA:32,47
DA:38,47
DA:39,3
DA:40,2
DA:45,47
DA:46,240
DA:49,240
DA:50,150
DA:54,90
DA:55,22
DA:58,68
DA:59,14
DA:60,1
DA:62,13
DA:63,1
DA:65,12
DA:66,2
DA:71,64
DA:74,47
DA:77,240
DA:83,3
DA:84,0
DA:85,0
LF:26
LH:24
BRDA:19,0,0,46
BRDA:21,1,0,10
BRDA:22,2,0,44
BRDA:23,3,0,16
BRDA:24,4,0,20
BRDA:39,5,0,2
BRDA:39,5,1,1
BRDA:39,6,0,3
BRDA:39,6,1,2
BRDA:49,7,0,150
BRDA:49,7,1,90
BRDA:54,8,0,22
BRDA:54,8,1,68
BRDA:54,9,0,90
BRDA:54,9,1,76
BRDA:58,10,0,14
BRDA:58,10,1,54
BRDA:59,11,0,1
BRDA:59,11,1,13
BRDA:62,12,0,1
BRDA:62,12,1,12
BRDA:65,13,0,2
BRDA:65,13,1,10
BRDA:80,14,0,180
BRDA:80,14,1,60
BRDA:80,15,0,240
BRDA:80,15,1,240
BRDA:81,16,0,30
BRDA:81,16,1,210
BRDA:81,17,0,240
BRDA:81,17,1,90
BRDA:81,18,0,240
BRDA:81,18,1,240
BRDA:82,19,0,90
BRDA:82,19,1,90
BRDA:84,20,0,0
BRDA:84,20,1,0
BRDA:85,21,0,0
BRDA:85,21,1,0
BRDA:86,22,0,130
BRDA:86,22,1,110
BRDA:87,23,0,47
BRDA:87,23,1,193
BRDA:91,24,0,240
BRDA:91,24,1,240
BRDA:94,25,0,47
BRDA:94,25,1,45
BRDA:94,25,2,22
BRDA:95,26,0,22
BRDA:95,26,1,22
BRDA:95,26,2,1
BRF:51
BRH:47
end_of_record
TN:
SF:pages\book-cards-test.tsx
FN:37,(anonymous_0)
FN:40,(anonymous_1)
FNF:2
FNH:0
FNDA:0,(anonymous_0)
FNDA:0,(anonymous_1)
DA:8,0
DA:21,0
DA:37,0
DA:38,0
DA:40,0
DA:41,0
DA:42,0
DA:45,0
LF:8
LH:0
BRF:0
BRH:0
end_of_record
TN:
SF:pages\index.tsx
FN:18,(anonymous_0)
FN:25,(anonymous_1)
FN:32,(anonymous_2)
FN:36,(anonymous_3)
FN:46,(anonymous_4)
FN:52,(anonymous_5)
FNF:6
FNH:0
FNDA:0,(anonymous_0)
FNDA:0,(anonymous_1)
FNDA:0,(anonymous_2)
FNDA:0,(anonymous_3)
FNDA:0,(anonymous_4)
FNDA:0,(anonymous_5)
DA:18,0
DA:19,0
DA:20,0
DA:21,0
DA:22,0
DA:25,0
DA:26,0
DA:27,0
DA:32,0
DA:36,0
DA:37,0
DA:38,0
DA:43,0
DA:46,0
DA:47,0
DA:52,0
DA:53,0
DA:55,0
DA:56,0
DA:58,0
DA:60,0
DA:61,0
DA:62,0
DA:63,0
DA:64,0
DA:68,0
DA:69,0
DA:72,0
DA:74,0
DA:76,0
DA:77,0
DA:78,0
DA:79,0
DA:84,0
DA:85,0
DA:88,0
DA:91,0
DA:95,0
DA:96,0
DA:98,0
DA:102,0
LF:41
LH:0
BRDA:26,0,0,0
BRDA:26,0,1,0
BRDA:37,1,0,0
BRDA:37,1,1,0
BRDA:37,2,0,0
BRDA:37,2,1,0
BRDA:53,3,0,0
BRDA:53,3,1,0
BRDA:61,4,0,0
BRDA:61,4,1,0
BRDA:61,5,0,0
BRDA:61,5,1,0
BRDA:61,5,2,0
BRDA:74,6,0,0
BRDA:74,6,1,0
BRDA:74,7,0,0
BRDA:74,7,1,0
BRDA:76,8,0,0
BRDA:76,8,1,0
BRDA:78,9,0,0
BRDA:78,9,1,0
BRDA:78,10,0,0
BRDA:78,10,1,0
BRDA:84,11,0,0
BRDA:84,11,1,0
BRDA:115,12,0,0
BRDA:115,12,1,0
BRF:27
BRH:0
end_of_record
TN:
SF:pages\recommendations.tsx
FN:20,(anonymous_0)
FN:29,(anonymous_1)
FN:34,(anonymous_2)
FN:45,(anonymous_3)
FN:49,(anonymous_4)
FN:125,(anonymous_5)
FNF:6
FNH:0
FNDA:0,(anonymous_0)
FNDA:0,(anonymous_1)
FNDA:0,(anonymous_2)
FNDA:0,(anonymous_3)
FNDA:0,(anonymous_4)
FNDA:0,(anonymous_5)
DA:20,0
DA:21,0
DA:22,0
DA:23,0
DA:24,0
DA:27,0
DA:29,0
DA:31,0
DA:34,0
DA:35,0
DA:38,0
DA:40,0
DA:45,0
DA:49,0
DA:50,0
DA:51,0
DA:53,0
DA:55,0
DA:56,0
DA:57,0
DA:59,0
DA:60,0
DA:61,0
DA:62,0
DA:67,0
DA:74,0
DA:76,0
DA:78,0
DA:80,0
DA:81,0
DA:83,0
DA:84,0
DA:86,0
DA:87,0
DA:89,0
DA:94,0
DA:95,0
DA:99,0
DA:102,0
DA:106,0
DA:109,0
DA:110,0
DA:111,0
DA:113,0
DA:117,0
DA:118,0
DA:119,0
DA:125,0
DA:126,0
DA:129,0
LF:50
LH:0
BRDA:35,0,0,0
BRDA:35,0,1,0
BRDA:35,1,0,0
BRDA:35,1,1,0
BRDA:49,2,0,0
BRDA:55,3,0,0
BRDA:55,3,1,0
BRDA:57,4,0,0
BRDA:57,4,1,0
BRDA:59,5,0,0
BRDA:59,5,1,0
BRDA:69,6,0,0
BRDA:69,6,1,0
BRDA:76,7,0,0
BRDA:76,7,1,0
BRDA:78,8,0,0
BRDA:78,8,1,0
BRDA:81,9,0,0
BRDA:81,9,1,0
BRDA:84,10,0,0
BRDA:84,10,1,0
BRDA:84,11,0,0
BRDA:84,11,1,0
BRDA:87,12,0,0
BRDA:87,12,1,0
BRDA:94,13,0,0
BRDA:94,13,1,0
BRDA:117,14,0,0
BRDA:117,14,1,0
BRF:29
BRH:0
end_of_record
TN:
SF:pages\auth\login.tsx
FN:10,(anonymous_0)
FN:15,(anonymous_1)
FNF:2
FNH:0
FNDA:0,(anonymous_0)
FNDA:0,(anonymous_1)
DA:10,0
DA:11,0
DA:12,0
DA:15,0
DA:16,0
DA:17,0
DA:21,0
LF:7
LH:0
BRDA:16,0,0,0
BRDA:16,0,1,0
BRF:2
BRH:0
end_of_record
TN:
SF:pages\auth\profile.tsx
FN:7,(anonymous_0)
FNF:1
FNH:0
FNDA:0,(anonymous_0)
DA:7,0
DA:8,0
LF:2
LH:0
BRF:0
BRH:0
end_of_record
TN:
SF:pages\auth\register.tsx
FN:10,(anonymous_0)
FN:15,(anonymous_1)
FNF:2
FNH:0
FNDA:0,(anonymous_0)
FNDA:0,(anonymous_1)
DA:10,0
DA:11,0
DA:12,0
DA:15,0
DA:16,0
DA:17,0
DA:21,0
LF:7
LH:0
BRDA:16,0,0,0
BRDA:16,0,1,0
BRF:2
BRH:0
end_of_record
TN:
SF:pages\books\[id].tsx
FN:24,(anonymous_0)
FN:63,(anonymous_1)
FN:66,(anonymous_2)
FN:91,(anonymous_3)
FN:118,(anonymous_4)
FN:120,(anonymous_5)
FN:143,(anonymous_6)
FN:148,(anonymous_7)
FN:154,(anonymous_8)
FN:177,(anonymous_9)
FN:247,(anonymous_10)
FN:252,(anonymous_11)
FN:258,(anonymous_12)
FN:403,(anonymous_13)
FN:416,(anonymous_14)
FN:419,(anonymous_15)
FN:445,(anonymous_16)
FN:466,(anonymous_17)
FN:488,(anonymous_18)
FNF:19
FNH:0
FNDA:0,(anonymous_0)
FNDA:0,(anonymous_1)
FNDA:0,(anonymous_2)
FNDA:0,(anonymous_3)
FNDA:0,(anonymous_4)
FNDA:0,(anonymous_5)
FNDA:0,(anonymous_6)
FNDA:0,(anonymous_7)
FNDA:0,(anonymous_8)
FNDA:0,(anonymous_9)
FNDA:0,(anonymous_10)
FNDA:0,(anonymous_11)
FNDA:0,(anonymous_12)
FNDA:0,(anonymous_13)
FNDA:0,(anonymous_14)
FNDA:0,(anonymous_15)
FNDA:0,(anonymous_16)
FNDA:0,(anonymous_17)
FNDA:0,(anonymous_18)
DA:19,0
DA:24,0
DA:26,0
DA:27,0
DA:28,0
DA:29,0
DA:30,0
DA:31,0
DA:32,0
DA:33,0
DA:36,0
DA:37,0
DA:38,0
DA:41,0
DA:48,0
DA:51,0
DA:52,0
DA:53,0
DA:54,0
DA:55,0
DA:58,0
DA:59,0
DA:60,0
DA:63,0
DA:65,0
DA:66,0
DA:67,0
DA:68,0
DA:69,0
DA:71,0
DA:72,0
DA:75,0
DA:76,0
DA:77,0
DA:78,0
DA:80,0
DA:83,0
DA:87,0
DA:88,0
DA:89,0
DA:90,0
DA:91,0
DA:92,0
DA:94,0
DA:96,0
DA:100,0
DA:103,0
DA:104,0
DA:106,0
DA:109,0
DA:113,0
DA:118,0
DA:119,0
DA:120,0
DA:121,0
DA:122,0
DA:123,0
DA:130,0
DA:132,0
DA:134,0
DA:138,0
DA:143,0
DA:144,0
DA:148,0
DA:149,0
DA:150,0
DA:154,0
DA:155,0
DA:157,0
DA:158,0
DA:160,0
DA:161,0
DA:163,0
DA:167,0
DA:170,0
DA:172,0
DA:177,0
DA:178,0
DA:180,0
DA:181,0
DA:183,0
DA:185,0
DA:190,0
DA:193,0
DA:194,0
DA:201,0
DA:202,0
DA:211,0
DA:217,0
DA:218,0
DA:225,0
DA:226,0
DA:236,0
DA:237,0
DA:240,0
DA:242,0
DA:247,0
DA:248,0
DA:252,0
DA:253,0
DA:254,0
DA:258,0
DA:259,0
DA:261,0
DA:262,0
DA:263,0
DA:266,0
DA:267,0
DA:274,0
DA:275,0
DA:284,0
DA:285,0
DA:287,0
DA:288,0
DA:290,0
DA:292,0
DA:299,0
DA:300,0
DA:309,0
DA:310,0
DA:324,0
DA:325,0
DA:338,0
DA:404,0
DA:416,0
DA:419,0
DA:445,0
DA:466,0
DA:488,0
LF:129
LH:0
BRDA:65,0,0,0
BRDA:65,0,1,0
BRDA:65,1,0,0
BRDA:65,1,1,0
BRDA:87,2,0,0
BRDA:87,2,1,0
BRDA:87,3,0,0
BRDA:87,3,1,0
BRDA:103,4,0,0
BRDA:103,4,1,0
BRDA:103,5,0,0
BRDA:103,5,1,0
BRDA:119,6,0,0
BRDA:119,6,1,0
BRDA:119,7,0,0
BRDA:119,7,1,0
BRDA:155,8,0,0
BRDA:155,8,1,0
BRDA:155,9,0,0
BRDA:155,9,1,0
BRDA:155,9,2,0
BRDA:155,9,3,0
BRDA:160,10,0,0
BRDA:160,10,1,0
BRDA:178,11,0,0
BRDA:178,11,1,0
BRDA:178,12,0,0
BRDA:178,12,1,0
BRDA:183,13,0,0
BRDA:183,13,1,0
BRDA:193,14,0,0
BRDA:193,14,1,0
BRDA:193,15,0,0
BRDA:193,15,1,0
BRDA:201,16,0,0
BRDA:201,16,1,0
BRDA:217,17,0,0
BRDA:217,17,1,0
BRDA:217,18,0,0
BRDA:217,18,1,0
BRDA:225,19,0,0
BRDA:225,19,1,0
BRDA:259,20,0,0
BRDA:259,20,1,0
BRDA:259,21,0,0
BRDA:259,21,1,0
BRDA:259,21,2,0
BRDA:266,22,0,0
BRDA:266,22,1,0
BRDA:266,23,0,0
BRDA:266,23,1,0
BRDA:274,24,0,0
BRDA:274,24,1,0
BRDA:299,25,0,0
BRDA:299,25,1,0
BRDA:309,26,0,0
BRDA:309,26,1,0
BRDA:324,27,0,0
BRDA:324,27,1,0
BRDA:356,28,0,0
BRDA:356,28,1,0
BRDA:370,29,0,0
BRDA:370,29,1,0
BRDA:372,30,0,0
BRDA:372,30,1,0
BRDA:383,31,0,0
BRDA:383,31,1,0
BRDA:387,32,0,0
BRDA:387,32,1,0
BRDA:387,32,2,0
BRDA:416,33,0,0
BRDA:416,33,1,0
BRDA:416,34,0,0
BRDA:416,34,1,0
BRDA:424,35,0,0
BRDA:424,35,1,0
BRDA:426,36,0,0
BRDA:426,36,1,0
BRDA:430,37,0,0
BRDA:430,37,1,0
BRDA:434,38,0,0
BRDA:434,38,1,0
BRDA:444,39,0,0
BRDA:444,39,1,0
BRDA:445,40,0,0
BRDA:445,40,1,0
BRDA:445,41,0,0
BRDA:445,41,1,0
BRDA:460,42,0,0
BRDA:460,42,1,0
BRF:90
BRH:0
end_of_record
TN:
SF:pages\books\index.tsx
FN:20,(anonymous_0)
FN:46,(anonymous_1)
FN:47,(anonymous_2)
FN:98,(anonymous_3)
FN:109,(anonymous_4)
FN:139,(anonymous_5)
FNF:6
FNH:0
FNDA:0,(anonymous_0)
FNDA:0,(anonymous_1)
FNDA:0,(anonymous_2)
FNDA:0,(anonymous_3)
FNDA:0,(anonymous_4)
FNDA:0,(anonymous_5)
DA:20,0
DA:22,0
DA:23,0
DA:31,0
DA:32,0
DA:35,0
DA:36,0
DA:37,0
DA:40,0
DA:41,0
DA:43,0
DA:46,0
DA:47,0
DA:48,0
DA:49,0
DA:50,0
DA:52,0
DA:54,0
DA:55,0
DA:56,0
DA:61,0
DA:64,0
DA:70,0
DA:71,0
DA:77,0
DA:80,0
DA:81,0
DA:83,0
DA:87,0
DA:98,0
DA:99,0
DA:105,0
DA:109,0
DA:111,0
DA:113,0
DA:114,0
DA:115,0
DA:118,0
DA:124,0
DA:128,0
DA:129,0
DA:132,0
DA:139,0
DA:140,0
DA:141,0
DA:142,0
DA:143,0
DA:144,0
DA:145,0
DA:146,0
DA:147,0
DA:148,0
DA:149,0
DA:150,0
DA:151,0
DA:152,0
DA:153,0
DA:154,0
DA:155,0
DA:159,0
LF:60
LH:0
BRDA:52,0,0,0
BRDA:52,0,1,0
BRDA:59,1,0,0
BRDA:59,1,1,0
BRDA:111,2,0,0
BRDA:111,2,1,0
BRDA:111,3,0,0
BRDA:111,3,1,0
BRDA:141,4,0,0
BRDA:141,4,1,0
BRDA:141,5,0,0
BRDA:141,5,1,0
BRDA:144,6,0,0
BRDA:144,6,1,0
BRDA:147,7,0,0
BRDA:147,7,1,0
BRDA:150,8,0,0
BRDA:150,8,1,0
BRDA:153,9,0,0
BRDA:153,9,1,0
BRDA:162,10,0,0
BRDA:162,10,1,0
BRDA:169,11,0,0
BRDA:169,11,1,0
BRDA:181,12,0,0
BRDA:181,12,1,0
BRDA:187,13,0,0
BRDA:187,13,1,0
BRDA:188,14,0,0
BRDA:188,14,1,0
BRDA:189,15,0,0
BRDA:189,15,1,0
BRDA:191,16,0,0
BRDA:191,16,1,0
BRDA:208,17,0,0
BRDA:208,17,1,0
BRDA:208,17,2,0
BRDA:211,18,0,0
BRDA:211,18,1,0
BRDA:225,19,0,0
BRDA:225,19,1,0
BRDA:225,19,2,0
BRDA:225,19,3,0
BRF:43
BRH:0
end_of_record
TN:
SF:pages\profile\index.tsx
FN:7,(anonymous_0)
FN:12,(anonymous_1)
FNF:2
FNH:0
FNDA:0,(anonymous_0)
FNDA:0,(anonymous_1)
DA:7,0
DA:8,0
DA:9,0
DA:12,0
DA:13,0
DA:14,0
DA:18,0
DA:19,0
DA:28,0
DA:29,0
DA:32,0
LF:11
LH:0
BRDA:13,0,0,0
BRDA:13,0,1,0
BRDA:13,1,0,0
BRDA:13,1,1,0
BRDA:18,2,0,0
BRDA:18,2,1,0
BRDA:28,3,0,0
BRDA:28,3,1,0
BRF:8
BRH:0
end_of_record
TN:
SF:services\api.ts
FN:14,(anonymous_0)
FN:22,(anonymous_1)
FN:29,(anonymous_2)
FN:32,(anonymous_3)
FNF:4
FNH:0
FNDA:0,(anonymous_0)
FNDA:0,(anonymous_1)
FNDA:0,(anonymous_2)
FNDA:0,(anonymous_3)
DA:4,0
DA:13,0
DA:16,0
DA:17,0
DA:18,0
DA:20,0
DA:23,0
DA:28,0
DA:30,0
DA:34,0
DA:36,0
DA:39,0
DA:41,0
DA:44,0
LF:14
LH:0
BRDA:5,0,0,0
BRDA:5,0,1,0
BRDA:17,1,0,0
BRDA:17,1,1,0
BRDA:34,2,0,0
BRDA:34,2,1,0
BRDA:34,3,0,0
BRDA:34,3,1,0
BRDA:39,4,0,0
BRDA:39,4,1,0
BRF:10
BRH:0
end_of_record
TN:
SF:services\bookService.ts
FN:44,(anonymous_0)
FN:68,(anonymous_1)
FN:89,(anonymous_2)
FN:107,(anonymous_3)
FNF:4
FNH:0
FNDA:0,(anonymous_0)
FNDA:0,(anonymous_1)
FNDA:0,(anonymous_2)
FNDA:0,(anonymous_3)
DA:34,0
DA:45,0
DA:46,0
DA:55,0
DA:57,0
DA:58,0
DA:69,0
DA:70,0
DA:76,0
DA:78,0
DA:79,0
DA:90,0
DA:91,0
DA:94,0
DA:96,0
DA:97,0
DA:108,0
DA:109,0
DA:110,0
DA:112,0
DA:113,0
LF:21
LH:0
BRDA:44,0,0,0
BRDA:44,1,0,0
BRDA:44,2,0,0
BRDA:44,3,0,0
BRDA:68,4,0,0
BRDA:89,5,0,0
BRF:6
BRH:0
end_of_record
TN:
SF:services\recommendationService.ts
FN:16,(anonymous_0)
FN:46,(anonymous_1)
FN:58,(anonymous_2)
FN:94,(anonymous_3)
FN:110,(anonymous_4)
FN:160,(anonymous_5)
FN:177,(anonymous_6)
FNF:7
FNH:0
FNDA:0,(anonymous_0)
FNDA:0,(anonymous_1)
FNDA:0,(anonymous_2)
FNDA:0,(anonymous_3)
FNDA:0,(anonymous_4)
FNDA:0,(anonymous_5)
FNDA:0,(anonymous_6)
DA:6,0
DA:17,0
DA:20,0
DA:22,0
DA:23,0
DA:24,0
DA:26,0
DA:27,0
DA:29,0
DA:31,0
DA:32,0
DA:34,0
DA:41,0
DA:44,0
DA:46,0
DA:48,0
DA:49,0
DA:51,0
DA:53,0
DA:55,0
DA:59,0
DA:60,0
DA:62,0
DA:65,0
DA:67,0
DA:74,0
DA:76,0
DA:79,0
DA:95,0
DA:96,0
DA:97,0
DA:98,0
DA:99,0
DA:101,0
DA:111,0
DA:112,0
DA:113,0
DA:114,0
DA:117,0
DA:122,0
DA:124,0
DA:125,0
DA:127,0
DA:128,0
DA:131,0
DA:132,0
DA:135,0
DA:138,0
DA:140,0
DA:144,0
DA:145,0
DA:148,0
DA:151,0
DA:161,0
DA:162,0
DA:167,0
DA:178,0
LF:57
LH:0
BRDA:16,0,0,0
BRDA:17,1,0,0
BRDA:17,2,0,0
BRDA:17,3,0,0
BRDA:22,4,0,0
BRDA:22,4,1,0
BRDA:23,5,0,0
BRDA:23,5,1,0
BRDA:24,6,0,0
BRDA:24,6,1,0
BRDA:27,7,0,0
BRDA:27,7,1,0
BRDA:32,8,0,0
BRDA:32,8,1,0
BRDA:44,9,0,0
BRDA:44,9,1,0
BRDA:44,10,0,0
BRDA:44,10,1,0
BRDA:48,11,0,0
BRDA:48,11,1,0
BRDA:48,12,0,0
BRDA:48,12,1,0
BRDA:53,13,0,0
BRDA:53,13,1,0
BRDA:53,14,0,0
BRDA:53,14,1,0
BRDA:59,15,0,0
BRDA:59,15,1,0
BRDA:59,16,0,0
BRDA:59,16,1,0
BRDA:65,17,0,0
BRDA:65,17,1,0
BRDA:65,18,0,0
BRDA:65,18,1,0
BRDA:95,19,0,0
BRDA:95,19,1,0
BRDA:113,20,0,0
BRDA:113,20,1,0
BRDA:122,21,0,0
BRDA:122,21,1,0
BRDA:122,22,0,0
BRDA:122,22,1,0
BRDA:125,23,0,0
BRDA:125,23,1,0
BRDA:138,24,0,0
BRDA:138,24,1,0
BRDA:140,25,0,0
BRDA:140,25,1,0
BRF:48
BRH:0
end_of_record
TN:
SF:services\reviewService.ts
FN:44,(anonymous_0)
FN:62,(anonymous_1)
FN:85,(anonymous_2)
FN:107,(anonymous_3)
FN:130,(anonymous_4)
FNF:5
FNH:0
FNDA:0,(anonymous_0)
FNDA:0,(anonymous_1)
FNDA:0,(anonymous_2)
FNDA:0,(anonymous_3)
FNDA:0,(anonymous_4)
DA:34,0
DA:45,0
DA:46,0
DA:49,0
DA:51,0
DA:52,0
DA:70,0
DA:71,0
DA:72,0
DA:74,0
DA:75,0
DA:93,0
DA:94,0
DA:95,0
DA:97,0
DA:98,0
DA:114,0
DA:115,0
DA:116,0
DA:118,0
DA:119,0
DA:131,0
DA:132,0
DA:135,0
DA:137,0
DA:138,0
LF:26
LH:0
BRDA:44,0,0,0
BRDA:44,1,0,0
BRDA:44,2,0,0
BRDA:44,3,0,0
BRDA:130,4,0,0
BRDA:130,5,0,0
BRF:6
BRH:0
end_of_record
TN:
SF:services\userService.ts
FN:31,(anonymous_0)
FN:41,(anonymous_1)
FN:51,(anonymous_2)
FN:61,(anonymous_3)
FN:71,(anonymous_4)
FN:81,(anonymous_5)
FNF:6
FNH:0
FNDA:0,(anonymous_0)
FNDA:0,(anonymous_1)
FNDA:0,(anonymous_2)
FNDA:0,(anonymous_3)
FNDA:0,(anonymous_4)
FNDA:0,(anonymous_5)
DA:29,0
DA:32,0
DA:33,0
DA:34,0
DA:36,0
DA:42,0
DA:43,0
DA:44,0
DA:46,0
DA:52,0
DA:53,0
DA:54,0
DA:56,0
DA:62,0
DA:63,0
DA:64,0
DA:66,0
DA:72,0
DA:73,0
DA:74,0
DA:76,0
DA:82,0
DA:83,0
DA:84,0
DA:86,0
LF:25
LH:0
BRDA:36,0,0,0
BRDA:36,0,1,0
BRDA:46,1,0,0
BRDA:46,1,1,0
BRDA:51,2,0,0
BRDA:56,3,0,0
BRDA:56,3,1,0
BRDA:66,4,0,0
BRDA:66,4,1,0
BRDA:76,5,0,0
BRDA:76,5,1,0
BRDA:86,6,0,0
BRDA:86,6,1,0
BRF:13
BRH:0
end_of_record
TN:
SF:store\auth-context.tsx
FN:18,(anonymous_0)
FN:19,(anonymous_1)
FN:20,(anonymous_2)
FN:25,(anonymous_3)
FN:27,(anonymous_4)
FN:32,(anonymous_5)
FN:33,(anonymous_6)
FN:62,(anonymous_7)
FN:85,(anonymous_8)
FN:108,(anonymous_9)
FNF:10
FNH:0
FNDA:0,(anonymous_0)
FNDA:0,(anonymous_1)
FNDA:0,(anonymous_2)
FNDA:0,(anonymous_3)
FNDA:0,(anonymous_4)
FNDA:0,(anonymous_5)
FNDA:0,(anonymous_6)
FNDA:0,(anonymous_7)
FNDA:0,(anonymous_8)
FNDA:0,(anonymous_9)
DA:15,0
DA:25,0
DA:27,0
DA:28,0
DA:29,0
DA:32,0
DA:33,0
DA:34,0
DA:36,0
DA:38,0
DA:39,0
DA:40,0
DA:44,0
DA:47,0
DA:48,0
DA:51,0
DA:52,0
DA:54,0
DA:58,0
DA:62,0
DA:63,0
DA:64,0
DA:65,0
DA:68,0
DA:71,0
DA:74,0
DA:77,0
DA:78,0
DA:80,0
DA:85,0
DA:86,0
DA:87,0
DA:88,0
DA:91,0
DA:94,0
DA:97,0
DA:100,0
DA:101,0
DA:103,0
DA:108,0
DA:110,0
DA:113,0
DA:116,0
DA:119,0
DA:122,0
DA:131,0
LF:46
LH:0
BRDA:38,0,0,0
BRDA:38,0,1,0
BRDA:77,1,0,0
BRDA:77,1,1,0
BRDA:77,2,0,0
BRDA:77,2,1,0
BRDA:78,3,0,0
BRDA:78,3,1,0
BRDA:100,4,0,0
BRDA:100,4,1,0
BRDA:100,5,0,0
BRDA:100,5,1,0
BRDA:101,6,0,0
BRDA:101,6,1,0
BRF:14
BRH:0
end_of_record
TN:
SF:store\index.ts
FNF:0
FNH:0
LF:0
LH:0
BRF:0
BRH:0
end_of_record
TN:
SF:utils\auth.tsx
FN:12,requireAuth
FN:13,ProtectedRoute
FN:17,(anonymous_2)
FNF:3
FNH:0
FNDA:0,requireAuth
FNDA:0,ProtectedRoute
FNDA:0,(anonymous_2)
DA:13,0
DA:14,0
DA:15,0
DA:17,0
DA:19,0
DA:20,0
DA:28,0
DA:29,0
DA:38,0
LF:9
LH:0
BRDA:19,0,0,0
BRDA:19,0,1,0
BRDA:19,1,0,0
BRDA:19,1,1,0
BRDA:28,2,0,0
BRDA:28,2,1,0
BRDA:28,3,0,0
BRDA:28,3,1,0
BRF:8
BRH:0
end_of_record
